<?xml version="1.0" encoding="UTF-8"?>
<!-- Generated by org.testng.reporters.JUnitReportReporter -->
<testsuite hostname="DESKTOP-NABULGQ" failures="0" tests="6" name="com.testng.skiptest.TestNG_Skip" time="0.031" errors="0" timestamp="2023-05-23T15:14:45 IST" skipped="1">
  <testcase classname="com.testng.skiptest.TestNG_Skip" name="carStart" time="0.016"/>
  <system-out/>
  <testcase classname="com.testng.skiptest.TestNG_Skip" name="gearOne" time="0.003"/>
  <system-out/>
  <testcase classname="com.testng.skiptest.TestNG_Skip" name="gearTwo" time="0.004"/>
  <system-out/>
  <testcase classname="com.testng.skiptest.TestNG_Skip" name="gearThree" time="0.003"/>
  <system-out/>
  <testcase classname="com.testng.skiptest.TestNG_Skip" name="gearFour" time="0.005"/>
  <system-out/>
  <testcase classname="com.testng.skiptest.TestNG_Skip" name="musicOn">
    <skipped/>
  </testcase> <!-- musicOn -->
  <system-out/>
</testsuite> <!-- com.testng.skiptest.TestNG_Skip -->
