<?xml version="1.0" encoding="UTF-8"?>
<!-- Generated by org.testng.reporters.JUnitReportReporter -->
<testsuite hostname="DESKTOP-NABULGQ" failures="0" tests="5" name="com.testng.setpriority.Priority_TestNG" time="0.014" errors="0" timestamp="2023-05-23T16:43:00 IST" skipped="0">
  <testcase classname="com.testng.setpriority.Priority_TestNG" name="carStart" time="0.002"/>
  <system-out/>
  <testcase classname="com.testng.setpriority.Priority_TestNG" name="gearOne" time="0.002"/>
  <system-out/>
  <testcase classname="com.testng.setpriority.Priority_TestNG" name="gearTwo" time="0.005"/>
  <system-out/>
  <testcase classname="com.testng.setpriority.Priority_TestNG" name="gearThree" time="0.002"/>
  <system-out/>
  <testcase classname="com.testng.setpriority.Priority_TestNG" name="gearFour" time="0.003"/>
  <system-out/>
</testsuite> <!-- com.testng.setpriority.Priority_TestNG -->
