<?xml version="1.0" encoding="UTF-8"?>
<!-- Generated by org.testng.reporters.JUnitReportReporter -->
<testsuite hostname="DESKTOP-NABULGQ" failures="0" tests="3" name="com.testng.dependencies.Dependencies_TestNG" time="0.016" errors="0" timestamp="2023-05-23T16:43:00 IST" skipped="0">
  <testcase classname="com.testng.dependencies.Dependencies_TestNG" name="highSchool" time="0.008"/>
  <system-out/>
  <testcase classname="com.testng.dependencies.Dependencies_TestNG" name="college" time="0.005"/>
  <system-out/>
  <testcase classname="com.testng.dependencies.Dependencies_TestNG" name="higherSecondary" time="0.003"/>
  <system-out/>
</testsuite> <!-- com.testng.dependencies.Dependencies_TestNG -->
