<?xml version="1.0" encoding="UTF-8"?>
<!-- Generated by org.testng.reporters.JUnitReportReporter -->
<testsuite hostname="DESKTOP-NABULGQ" failures="0" tests="2" name="com.testng.parallel.Parallel_TestNG" time="43.752" errors="0" timestamp="2023-05-23T17:22:30 IST" skipped="0">
  <testcase classname="com.testng.parallel.Parallel_TestNG" name="openGoogle" time="21.876"/>
  <system-out/>
  <testcase classname="com.testng.parallel.Parallel_TestNG" name="openBing" time="21.876"/>
  <system-out/>
</testsuite> <!-- com.testng.parallel.Parallel_TestNG -->
