<?xml version="1.0" encoding="UTF-8"?>
<!-- Generated by org.testng.reporters.JUnitReportReporter -->
<testsuite hostname="DESKTOP-NABULGQ" failures="0" tests="4" name="com.testng.sample.SampleTestNG" time="0.034" errors="0" timestamp="2023-05-23T15:10:54 IST" skipped="0">
  <testcase classname="com.testng.sample.SampleTestNG" name="secondTestCase" time="0.003"/>
  <system-out/>
  <testcase classname="com.testng.sample.SampleTestNG" name="firstTestCase" time="0.023"/>
  <system-out/>
  <testcase classname="com.testng.sample.SampleTestNG" name="thirdTestCase" time="0.003"/>
  <system-out/>
  <testcase classname="com.testng.sample.SampleTestNG" name="fourthTestCase" time="0.005"/>
  <system-out/>
</testsuite> <!-- com.testng.sample.SampleTestNG -->
