<?xml version="1.0" encoding="UTF-8"?>
<!-- Generated by org.testng.reporters.JUnitReportReporter -->
<testsuite hostname="DESKTOP-NABULGQ" failures="0" tests="1" name="com.testng.listeners.Listeners_TestNG_Example" time="0.018" errors="0" timestamp="2023-05-23T18:47:51 IST" skipped="0">
  <testcase classname="com.testng.listeners.Listeners_TestNG_Example" name="firstTestCase" time="0.018"/>
  <system-out/>
</testsuite> <!-- com.testng.listeners.Listeners_TestNG_Example -->
