<?xml version="1.0" encoding="UTF-8"?>
<!-- Generated by org.testng.reporters.JUnitReportReporter -->
<testsuite hostname="DESKTOP-NABULGQ" failures="0" tests="3" name="com.testng.suite.Suite_TestNG" time="10.604" errors="0" timestamp="2023-05-23T16:43:00 IST" skipped="0">
  <testcase classname="com.testng.suite.Suite_TestNG" name="openGoogle" time="3.542"/>
  <system-out/>
  <testcase classname="com.testng.suite.Suite_TestNG" name="openBing" time="4.514"/>
  <system-out/>
  <testcase classname="com.testng.suite.Suite_TestNG" name="openYahoo" time="2.548"/>
  <system-out/>
</testsuite> <!-- com.testng.suite.Suite_TestNG -->
