<?xml version="1.0" encoding="UTF-8"?>
<!-- Generated by org.testng.reporters.JUnitReportReporter -->
<testsuite hostname="DESKTOP-NABULGQ" failures="0" tests="4" name="com.testng.grouping.Grouping_TestNG" time="0.023" errors="0" timestamp="2023-05-23T17:07:09 IST" skipped="0">
  <testcase classname="com.testng.grouping.Grouping_TestNG" name="vivo_1" time="0.003"/>
  <system-out/>
  <testcase classname="com.testng.grouping.Grouping_TestNG" name="vivo_2" time="0.003"/>
  <system-out/>
  <testcase classname="com.testng.grouping.Grouping_TestNG" name="moto_1" time="0.015"/>
  <system-out/>
  <testcase classname="com.testng.grouping.Grouping_TestNG" name="moto_2" time="0.002"/>
  <system-out/>
</testsuite> <!-- com.testng.grouping.Grouping_TestNG -->
