<?xml version="1.0" encoding="UTF-8"?>
<!-- Generated by org.testng.reporters.JUnitReportReporter -->
<testsuite hostname="DESKTOP-NABULGQ" failures="0" tests="2" name="com.testng.assertion.Assertion_TestNG" time="0.019" errors="0" timestamp="2023-05-23T17:44:49 IST" skipped="0">
  <testcase classname="com.testng.assertion.Assertion_TestNG" name="usingAssert" time="0.004"/>
  <system-out/>
  <testcase classname="com.testng.assertion.Assertion_TestNG" name="checkEqual" time="0.015"/>
  <system-out/>
</testsuite> <!-- com.testng.assertion.Assertion_TestNG -->
