<?xml version="1.0" encoding="UTF-8"?>
<!-- Generated by org.testng.reporters.JUnitReportReporter -->
<testsuite hostname="DESKTOP-NABULGQ" failures="0" tests="1" name="com.testng.parameterization.Parameterization_TestNG" time="0.016" errors="0" timestamp="2023-05-23T17:11:47 IST" skipped="0">
  <testcase classname="com.testng.parameterization.Parameterization_TestNG" name="printName" time="0.016"/>
  <system-out/>
</testsuite> <!-- com.testng.parameterization.Parameterization_TestNG -->
