<?xml version="1.0" encoding="UTF-8"?>
<!-- Generated by org.testng.reporters.JUnitReportReporter -->
<testsuite hostname="DESKTOP-NABULGQ" failures="0" tests="3" name="com.testng.suite.Suite_TestNG" time="13.405" errors="0" timestamp="2023-05-23T16:01:12 IST" skipped="0">
  <testcase classname="com.testng.suite.Suite_TestNG" name="openGoogle" time="2.469"/>
  <system-out/>
  <testcase classname="com.testng.suite.Suite_TestNG" name="openBing" time="8.810"/>
  <system-out/>
  <testcase classname="com.testng.suite.Suite_TestNG" name="openYahoo" time="2.126"/>
  <system-out/>
</testsuite> <!-- com.testng.suite.Suite_TestNG -->
