<?xml version="1.0" encoding="UTF-8"?>
<!-- Generated by org.testng.reporters.JUnitReportReporter -->
<testsuite hostname="DESKTOP-NABULGQ" failures="0" tests="2" name="com.testng.annotationhierarchy.Annotation_Hierarchy_TestNG" time="0.019" errors="0" timestamp="2023-05-23T17:51:25 IST" skipped="0">
  <testcase classname="com.testng.annotationhierarchy.Annotation_Hierarchy_TestNG" name="test_1" time="0.015"/>
  <system-out/>
  <testcase classname="com.testng.annotationhierarchy.Annotation_Hierarchy_TestNG" name="test_2" time="0.004"/>
  <system-out/>
</testsuite> <!-- com.testng.annotationhierarchy.Annotation_Hierarchy_TestNG -->
