<?xml version="1.0" encoding="UTF-8"?>
<!-- Generated by org.testng.reporters.JUnitReportReporter -->
<testsuite hostname="DESKTOP-NABULGQ" failures="0" tests="5" name="com.testng.setpriority.PriorityTestNG" time="0.028" errors="0" timestamp="2023-05-23T15:10:38 IST" skipped="0">
  <testcase classname="com.testng.setpriority.PriorityTestNG" name="carStart" time="0.016"/>
  <system-out/>
  <testcase classname="com.testng.setpriority.PriorityTestNG" name="gearOne" time="0.002"/>
  <system-out/>
  <testcase classname="com.testng.setpriority.PriorityTestNG" name="gearTwo" time="0.003"/>
  <system-out/>
  <testcase classname="com.testng.setpriority.PriorityTestNG" name="gearThree" time="0.003"/>
  <system-out/>
  <testcase classname="com.testng.setpriority.PriorityTestNG" name="gearFour" time="0.004"/>
  <system-out/>
</testsuite> <!-- com.testng.setpriority.PriorityTestNG -->
