<?xml version="1.0" encoding="UTF-8"?>
<!-- Generated by org.testng.reporters.JUnitReportReporter -->
<testsuite hostname="DESKTOP-NABULGQ" failures="0" tests="4" name="com.testng.sample.Sample_TestNG" time="0.011" errors="0" timestamp="2023-05-23T16:43:00 IST" skipped="0">
  <testcase classname="com.testng.sample.Sample_TestNG" name="firstTestCase" time="0.002"/>
  <system-out/>
  <testcase classname="com.testng.sample.Sample_TestNG" name="fourthTestCase" time="0.003"/>
  <system-out/>
  <testcase classname="com.testng.sample.Sample_TestNG" name="secondTestCase" time="0.002"/>
  <system-out/>
  <testcase classname="com.testng.sample.Sample_TestNG" name="thirdTestCase" time="0.004"/>
  <system-out/>
</testsuite> <!-- com.testng.sample.Sample_TestNG -->
