<?xml version="1.0" encoding="UTF-8"?>
<!-- Generated by org.testng.reporters.JUnitReportReporter -->
<testsuite hostname="DESKTOP-NABULGQ" failures="0" tests="6" name="com.testng.skiptest.Skip_TestNG" time="0.025" errors="0" timestamp="2023-05-23T16:43:00 IST" skipped="1">
  <testcase classname="com.testng.skiptest.Skip_TestNG" name="carStart" time="0.001"/>
  <system-out/>
  <testcase classname="com.testng.skiptest.Skip_TestNG" name="gearOne" time="0.003"/>
  <system-out/>
  <testcase classname="com.testng.skiptest.Skip_TestNG" name="gearTwo" time="0.004"/>
  <system-out/>
  <testcase classname="com.testng.skiptest.Skip_TestNG" name="gearThree" time="0.003"/>
  <system-out/>
  <testcase classname="com.testng.skiptest.Skip_TestNG" name="gearFour" time="0.014"/>
  <system-out/>
  <testcase classname="com.testng.skiptest.Skip_TestNG" name="musicOn">
    <skipped/>
  </testcase> <!-- musicOn -->
  <system-out/>
</testsuite> <!-- com.testng.skiptest.Skip_TestNG -->
